========================================================================================
Context     : DDS_DomainParticipant_get_discovered_participant_data
Date        : Wed Sep 27 15:58:50 CST 2017
Node        : dev-desktop
Process     : polysync-socket-writer-c <2589>
Thread      : main thread 7f9258e1a740
Internals   : sac_domainParticipant.c/2067/6.6.2p1/af3a357/aec814d
----------------------------------------------------------------------------------------
Report      : Bad Parameter: instance handle = DDS_HANDLE_NIL
Internals   : u_instanceHandleClaim/u_instanceHandle.c/118/774/1506499130.618110775
========================================================================================
Report      : ERROR
Date        : Fri Sep 29 22:40:00 CST 2017
Description : dlopen of 'durability' failed: durability: cannot open shared object file: No such file or directory
Node        : dev-desktop
Process     : polysync-socket-writer-c <7043>
Thread      : spliced 7f1f0e2db700
Internals   : 6.6.2p1/af3a357/aec814d/os_libraryOpen/os_library.c/62/0/1506696000.934259674
========================================================================================
Report      : ERROR
Date        : Fri Sep 29 22:40:00 CST 2017
Description : Problem opening 'durability'

Node        : dev-desktop
Process     : polysync-socket-writer-c <7043>
Thread      : spliced 7f1f0e2db700
Internals   : 6.6.2p1/af3a357/aec814d/OpenSplice domain service/spliced.c/625/0/1506696000.934505416
========================================================================================
Report      : ERROR
Date        : Sat Sep 30 11:06:28 CST 2017
Description : dlopen of 'durability' failed: durability: cannot open shared object file: No such file or directory
Node        : dev-desktop
Process     : polysync-socket-writer-c <3493>
Thread      : spliced 7f12797e4700
Internals   : 6.6.2p1/af3a357/aec814d/os_libraryOpen/os_library.c/62/0/1506740788.741296858
========================================================================================
Report      : ERROR
Date        : Sat Sep 30 11:06:28 CST 2017
Description : Problem opening 'durability'

Node        : dev-desktop
Process     : polysync-socket-writer-c <3493>
Thread      : spliced 7f12797e4700
Internals   : 6.6.2p1/af3a357/aec814d/OpenSplice domain service/spliced.c/625/0/1506740788.741411051
