========================================================================================
Report      : INFO
Date        : Sat Jun 24 03:02:11 JST 2017
Description : ---------------------------------------------------------------
              -- The service is using the following configuration settings --
              ---------------------------------------------------------------
              Domain (id)          : ospl_sp_ddsi (0)
              Storage              : 0 Kbytes
              Storage threshold    : 1024 Kbytes
              Storage address      : Not available
              Locking              : default
              Memory mode          : Heap memory
              Builtin topics       : true
              Priority inheritance : false
              SystemId             : 1147008605 from [1,2147483647]
Node        : dev-desktop
Process     : polysync-serial-writer-c <3036>
Thread      : spliced 7fa386c81700
Internals   : 6.6.2p1/af3a357/aec814d/The OpenSplice domain service/u_domain.c/630/0/1498240931.085478276
========================================================================================
Report      : INFO
Date        : Sat Jun 24 03:02:11 JST 2017
Description : Service cmsoap disabled
Node        : dev-desktop
Process     : polysync-serial-writer-c <3036>
Thread      : spliced 7fa386c81700
Internals   : 6.6.2p1/af3a357/aec814d/OpenSplice domain service/sr_componentInfo.c/439/0/1498240931.085841260
========================================================================================
Report      : INFO
Date        : Sat Jun 24 03:02:11 JST 2017
Description : Durability Client for spliced started
Node        : dev-desktop
Process     : polysync-serial-writer-c <3036>
Thread      : spliced 7fa386c81700
Internals   : 6.6.2p1/af3a357/aec814d/spliced::durabilityClientStart/spliced.c/350/1/1498240931.087067968
========================================================================================
Report      : INFO
Date        : Sat Jun 24 03:02:11 JST 2017
Description : ++++++++++++++++++++++++++++++++++++++++++++++++
              ++ The service 'splicedaemon' is now operational. 
              ++++++++++++++++++++++++++++++++++++++++++++++++
Node        : dev-desktop
Process     : polysync-serial-writer-c <3036>
Thread      : spliced 7fa386c81700
Internals   : 6.6.2p1/af3a357/aec814d/v_serviceChangeState/v_service.c/286/0/1498240931.087109964
========================================================================================
Report      : INFO
Date        : Sat Jun 24 03:02:11 JST 2017
Description : ++++++++++++++++++++++++++++++++++++++++++++++++
              ++ The service 'ddsi2' is now operational. 
              ++++++++++++++++++++++++++++++++++++++++++++++++
Node        : dev-desktop
Process     : polysync-serial-writer-c <3036>
Thread      : ddsi2 7fa380e31700
Internals   : 6.6.2p1/af3a357/aec814d/v_serviceChangeState/v_service.c/286/0/1498240931.096557382
========================================================================================
Report      : WARNING
Date        : Sat Jun 24 03:02:12 JST 2017
Description : writer 445df65d:92:1:2c2 considering reader 8dd324b:92:1:2c7 non-responsive

Node        : dev-desktop
Process     : polysync-serial-writer-c <3036>
Thread      : ddsi2 7fa380e31700
Internals   : 6.6.2p1/af3a357/aec814d/ddsi2/q_transmit.c/815/0/1498240932.147773457
========================================================================================
Report      : WARNING
Date        : Sat Jun 24 03:02:12 JST 2017
Description : writer 445df65d:92:1:2c2 considering reader 46abf85a:92:1:2c7 non-responsive

Node        : dev-desktop
Process     : polysync-serial-writer-c <3036>
Thread      : ddsi2 7fa380e31700
Internals   : 6.6.2p1/af3a357/aec814d/ddsi2/q_transmit.c/815/0/1498240932.147820526
========================================================================================
Report      : WARNING
Date        : Sat Jun 24 03:02:12 JST 2017
Description : writer 445df65d:92:1:2c2 considering reader 6d96f8c4:92:1:2c7 non-responsive

Node        : dev-desktop
Process     : polysync-serial-writer-c <3036>
Thread      : ddsi2 7fa380e31700
Internals   : 6.6.2p1/af3a357/aec814d/ddsi2/q_transmit.c/815/0/1498240932.147835146
========================================================================================
Report      : WARNING
Date        : Sat Jun 24 03:02:12 JST 2017
Description : writer 445df65d:92:1:2c2 considering reader 8dd324b:92:1:2c7 responsive again

Node        : dev-desktop
Process     : polysync-serial-writer-c <3036>
Thread      : recv 7fa380c86700
Internals   : 6.6.2p1/af3a357/aec814d/ddsi2/q_receive.c/847/0/1498240932.148291048
========================================================================================
Report      : WARNING
Date        : Sat Jun 24 03:02:12 JST 2017
Description : writer 445df65d:92:1:2c2 considering reader 46abf85a:92:1:2c7 responsive again

Node        : dev-desktop
Process     : polysync-serial-writer-c <3036>
Thread      : recv 7fa380c86700
Internals   : 6.6.2p1/af3a357/aec814d/ddsi2/q_receive.c/847/0/1498240932.148326478
========================================================================================
Report      : WARNING
Date        : Sat Jun 24 03:02:12 JST 2017
Description : writer 445df65d:92:1:2c2 considering reader 6d96f8c4:92:1:2c7 responsive again

Node        : dev-desktop
Process     : polysync-serial-writer-c <3036>
Thread      : recv 7fa380c86700
Internals   : 6.6.2p1/af3a357/aec814d/ddsi2/q_receive.c/847/0/1498240932.148348590
========================================================================================
Report      : INFO
Date        : Sat Jun 24 03:02:12 JST 2017
Description : The durability service can be identified by ID: 1147008605
Node        : dev-desktop
Process     : polysync-serial-writer-c <3036>
Thread      : durability 7fa3811bb700
Internals   : 6.6.2p1/af3a357/aec814d/DurabilityService/d_durability.c/676/0/1498240932.201538836
========================================================================================
Report      : INFO
Date        : Sat Jun 24 03:02:12 JST 2017
Description : ================================================
              == The service 'ddsi2' has now terminated. 
              ================================================
Node        : dev-desktop
Process     : polysync-serial-writer-c <3036>
Thread      : ddsi2 7fa380e31700
Internals   : 6.6.2p1/af3a357/aec814d/v_serviceChangeState/v_service.c/293/0/1498240932.309131239
========================================================================================
Report      : INFO
Date        : Sat Jun 24 03:02:14 JST 2017
Description : ================================================
              == The service 'durability' has now terminated. 
              ================================================
Node        : dev-desktop
Process     : polysync-serial-writer-c <3036>
Thread      : durability 7fa3811bb700
Internals   : 6.6.2p1/af3a357/aec814d/v_serviceChangeState/v_service.c/293/0/1498240934.297373680
========================================================================================
Report      : INFO
Date        : Sat Jun 24 03:02:14 JST 2017
Description : Durability Client for spliced stopped
Node        : dev-desktop
Process     : polysync-serial-writer-c <3036>
Thread      : spliced 7fa386c81700
Internals   : 6.6.2p1/af3a357/aec814d/spliced::durabilityClientStop/spliced.c/374/1/1498240934.300307670
========================================================================================
Report      : INFO
Date        : Sat Jun 24 03:02:14 JST 2017
Description : ================================================
              == The service 'splicedaemon' has now terminated. 
              ================================================
Node        : dev-desktop
Process     : polysync-serial-writer-c <3036>
Thread      : spliced 7fa386c81700
Internals   : 6.6.2p1/af3a357/aec814d/v_serviceChangeState/v_service.c/293/0/1498240934.300393147
========================================================================================
Report      : INFO
Date        : Sat Jun 24 03:06:09 JST 2017
Description : ---------------------------------------------------------------
              -- The service is using the following configuration settings --
              ---------------------------------------------------------------
              Domain (id)          : ospl_sp_ddsi (0)
              Storage              : 0 Kbytes
              Storage threshold    : 1024 Kbytes
              Storage address      : Not available
              Locking              : default
              Memory mode          : Heap memory
              Builtin topics       : true
              Priority inheritance : false
              SystemId             : 1192007834 from [1,2147483647]
Node        : dev-desktop
Process     : polysync-serial-writer-c <3107>
Thread      : spliced 7f51a3def700
Internals   : 6.6.2p1/af3a357/aec814d/The OpenSplice domain service/u_domain.c/630/0/1498241169.568615267
========================================================================================
Report      : INFO
Date        : Sat Jun 24 03:06:09 JST 2017
Description : Service cmsoap disabled
Node        : dev-desktop
Process     : polysync-serial-writer-c <3107>
Thread      : spliced 7f51a3def700
Internals   : 6.6.2p1/af3a357/aec814d/OpenSplice domain service/sr_componentInfo.c/439/0/1498241169.569073839
========================================================================================
Report      : INFO
Date        : Sat Jun 24 03:06:09 JST 2017
Description : Durability Client for spliced started
Node        : dev-desktop
Process     : polysync-serial-writer-c <3107>
Thread      : spliced 7f51a3def700
Internals   : 6.6.2p1/af3a357/aec814d/spliced::durabilityClientStart/spliced.c/350/1/1498241169.570590953
========================================================================================
Report      : INFO
Date        : Sat Jun 24 03:06:09 JST 2017
Description : ++++++++++++++++++++++++++++++++++++++++++++++++
              ++ The service 'splicedaemon' is now operational. 
              ++++++++++++++++++++++++++++++++++++++++++++++++
Node        : dev-desktop
Process     : polysync-serial-writer-c <3107>
Thread      : spliced 7f51a3def700
Internals   : 6.6.2p1/af3a357/aec814d/v_serviceChangeState/v_service.c/286/0/1498241169.570635294
========================================================================================
Report      : INFO
Date        : Sat Jun 24 03:06:09 JST 2017
Description : ++++++++++++++++++++++++++++++++++++++++++++++++
              ++ The service 'ddsi2' is now operational. 
              ++++++++++++++++++++++++++++++++++++++++++++++++
Node        : dev-desktop
Process     : polysync-serial-writer-c <3107>
Thread      : ddsi2 7f519df9f700
Internals   : 6.6.2p1/af3a357/aec814d/v_serviceChangeState/v_service.c/286/0/1498241169.579973258
========================================================================================
Report      : WARNING
Date        : Sat Jun 24 03:06:10 JST 2017
Description : writer 470c989a:92:1:2c2 considering reader 8dd324b:92:1:2c7 non-responsive

Node        : dev-desktop
Process     : polysync-serial-writer-c <3107>
Thread      : ddsi2 7f519df9f700
Internals   : 6.6.2p1/af3a357/aec814d/ddsi2/q_transmit.c/815/0/1498241170.585936473
========================================================================================
Report      : WARNING
Date        : Sat Jun 24 03:06:10 JST 2017
Description : writer 470c989a:92:1:2c2 considering reader 46abf85a:92:1:2c7 non-responsive

Node        : dev-desktop
Process     : polysync-serial-writer-c <3107>
Thread      : ddsi2 7f519df9f700
Internals   : 6.6.2p1/af3a357/aec814d/ddsi2/q_transmit.c/815/0/1498241170.585981516
========================================================================================
Report      : WARNING
Date        : Sat Jun 24 03:06:10 JST 2017
Description : writer 470c989a:92:1:2c2 considering reader 8dd324b:92:1:2c7 responsive again

Node        : dev-desktop
Process     : polysync-serial-writer-c <3107>
Thread      : recv 7f519ddf4700
Internals   : 6.6.2p1/af3a357/aec814d/ddsi2/q_receive.c/847/0/1498241170.586355810
========================================================================================
Report      : WARNING
Date        : Sat Jun 24 03:06:10 JST 2017
Description : writer 470c989a:92:1:2c2 considering reader 46abf85a:92:1:2c7 responsive again

Node        : dev-desktop
Process     : polysync-serial-writer-c <3107>
Thread      : recv 7f519ddf4700
Internals   : 6.6.2p1/af3a357/aec814d/ddsi2/q_receive.c/847/0/1498241170.586403822
========================================================================================
Report      : INFO
Date        : Sat Jun 24 03:06:10 JST 2017
Description : The durability service can be identified by ID: 1192007834
Node        : dev-desktop
Process     : polysync-serial-writer-c <3107>
Thread      : durability 7f519e329700
Internals   : 6.6.2p1/af3a357/aec814d/DurabilityService/d_durability.c/676/0/1498241170.685373379
========================================================================================
Report      : INFO
Date        : Sat Jun 24 03:06:10 JST 2017
Description : ================================================
              == The service 'ddsi2' has now terminated. 
              ================================================
Node        : dev-desktop
Process     : polysync-serial-writer-c <3107>
Thread      : ddsi2 7f519df9f700
Internals   : 6.6.2p1/af3a357/aec814d/v_serviceChangeState/v_service.c/293/0/1498241170.791771579
========================================================================================
Report      : INFO
Date        : Sat Jun 24 03:06:12 JST 2017
Description : ================================================
              == The service 'durability' has now terminated. 
              ================================================
Node        : dev-desktop
Process     : polysync-serial-writer-c <3107>
Thread      : durability 7f519e329700
Internals   : 6.6.2p1/af3a357/aec814d/v_serviceChangeState/v_service.c/293/0/1498241172.781249818
========================================================================================
Report      : INFO
Date        : Sat Jun 24 03:06:12 JST 2017
Description : Durability Client for spliced stopped
Node        : dev-desktop
Process     : polysync-serial-writer-c <3107>
Thread      : spliced 7f51a3def700
Internals   : 6.6.2p1/af3a357/aec814d/spliced::durabilityClientStop/spliced.c/374/1/1498241172.782095951
========================================================================================
Report      : INFO
Date        : Sat Jun 24 03:06:12 JST 2017
Description : ================================================
              == The service 'splicedaemon' has now terminated. 
              ================================================
Node        : dev-desktop
Process     : polysync-serial-writer-c <3107>
Thread      : spliced 7f51a3def700
Internals   : 6.6.2p1/af3a357/aec814d/v_serviceChangeState/v_service.c/293/0/1498241172.782173674
========================================================================================
Report      : INFO
Date        : Sat Jun 24 03:09:40 JST 2017
Description : ---------------------------------------------------------------
              -- The service is using the following configuration settings --
              ---------------------------------------------------------------
              Domain (id)          : ospl_sp_ddsi (0)
              Storage              : 0 Kbytes
              Storage threshold    : 1024 Kbytes
              Storage address      : Not available
              Locking              : default
              Memory mode          : Heap memory
              Builtin topics       : true
              Priority inheritance : false
              SystemId             : 1702767971 from [1,2147483647]
Node        : dev-desktop
Process     : polysync-serial-writer-c <3214>
Thread      : spliced 7f4c92469700
Internals   : 6.6.2p1/af3a357/aec814d/The OpenSplice domain service/u_domain.c/630/0/1498241380.322775356
========================================================================================
Report      : INFO
Date        : Sat Jun 24 03:09:40 JST 2017
Description : Service cmsoap disabled
Node        : dev-desktop
Process     : polysync-serial-writer-c <3214>
Thread      : spliced 7f4c92469700
Internals   : 6.6.2p1/af3a357/aec814d/OpenSplice domain service/sr_componentInfo.c/439/0/1498241380.323134321
========================================================================================
Report      : INFO
Date        : Sat Jun 24 03:09:40 JST 2017
Description : Durability Client for spliced started
Node        : dev-desktop
Process     : polysync-serial-writer-c <3214>
Thread      : spliced 7f4c92469700
Internals   : 6.6.2p1/af3a357/aec814d/spliced::durabilityClientStart/spliced.c/350/1/1498241380.324396569
========================================================================================
Report      : INFO
Date        : Sat Jun 24 03:09:40 JST 2017
Description : ++++++++++++++++++++++++++++++++++++++++++++++++
              ++ The service 'splicedaemon' is now operational. 
              ++++++++++++++++++++++++++++++++++++++++++++++++
Node        : dev-desktop
Process     : polysync-serial-writer-c <3214>
Thread      : spliced 7f4c92469700
Internals   : 6.6.2p1/af3a357/aec814d/v_serviceChangeState/v_service.c/286/0/1498241380.324439181
========================================================================================
Report      : INFO
Date        : Sat Jun 24 03:09:40 JST 2017
Description : ++++++++++++++++++++++++++++++++++++++++++++++++
              ++ The service 'ddsi2' is now operational. 
              ++++++++++++++++++++++++++++++++++++++++++++++++
Node        : dev-desktop
Process     : polysync-serial-writer-c <3214>
Thread      : ddsi2 7f4c8c619700
Internals   : 6.6.2p1/af3a357/aec814d/v_serviceChangeState/v_service.c/286/0/1498241380.333944223
========================================================================================
Report      : WARNING
Date        : Sat Jun 24 03:09:41 JST 2017
Description : writer 657e2d63:92:1:2c2 considering reader 8dd324b:92:1:2c7 non-responsive

Node        : dev-desktop
Process     : polysync-serial-writer-c <3214>
Thread      : ddsi2 7f4c8c619700
Internals   : 6.6.2p1/af3a357/aec814d/ddsi2/q_transmit.c/815/0/1498241381.338832247
========================================================================================
Report      : WARNING
Date        : Sat Jun 24 03:09:41 JST 2017
Description : writer 657e2d63:92:1:2c2 considering reader 46abf85a:92:1:2c7 non-responsive

Node        : dev-desktop
Process     : polysync-serial-writer-c <3214>
Thread      : ddsi2 7f4c8c619700
Internals   : 6.6.2p1/af3a357/aec814d/ddsi2/q_transmit.c/815/0/1498241381.338883228
========================================================================================
Report      : WARNING
Date        : Sat Jun 24 03:09:41 JST 2017
Description : writer 657e2d63:92:1:2c2 considering reader 6d96f8c4:92:1:2c7 non-responsive

Node        : dev-desktop
Process     : polysync-serial-writer-c <3214>
Thread      : ddsi2 7f4c8c619700
Internals   : 6.6.2p1/af3a357/aec814d/ddsi2/q_transmit.c/815/0/1498241381.338895869
========================================================================================
Report      : WARNING
Date        : Sat Jun 24 03:09:41 JST 2017
Description : writer 657e2d63:92:1:2c2 considering reader 8dd324b:92:1:2c7 responsive again

Node        : dev-desktop
Process     : polysync-serial-writer-c <3214>
Thread      : recv 7f4c8c46e700
Internals   : 6.6.2p1/af3a357/aec814d/ddsi2/q_receive.c/847/0/1498241381.339389715
========================================================================================
Report      : WARNING
Date        : Sat Jun 24 03:09:41 JST 2017
Description : writer 657e2d63:92:1:2c2 considering reader 6d96f8c4:92:1:2c7 responsive again

Node        : dev-desktop
Process     : polysync-serial-writer-c <3214>
Thread      : recv 7f4c8c46e700
Internals   : 6.6.2p1/af3a357/aec814d/ddsi2/q_receive.c/847/0/1498241381.339422471
========================================================================================
Report      : WARNING
Date        : Sat Jun 24 03:09:41 JST 2017
Description : writer 657e2d63:92:1:2c2 considering reader 46abf85a:92:1:2c7 responsive again

Node        : dev-desktop
Process     : polysync-serial-writer-c <3214>
Thread      : recv 7f4c8c46e700
Internals   : 6.6.2p1/af3a357/aec814d/ddsi2/q_receive.c/847/0/1498241381.339441870
========================================================================================
Report      : INFO
Date        : Sat Jun 24 03:09:41 JST 2017
Description : The durability service can be identified by ID: 1702767971
Node        : dev-desktop
Process     : polysync-serial-writer-c <3214>
Thread      : durability 7f4c8c9a3700
Internals   : 6.6.2p1/af3a357/aec814d/DurabilityService/d_durability.c/676/0/1498241381.438877583
========================================================================================
Report      : INFO
Date        : Sat Jun 24 03:09:41 JST 2017
Description : ================================================
              == The service 'ddsi2' has now terminated. 
              ================================================
Node        : dev-desktop
Process     : polysync-serial-writer-c <3214>
Thread      : ddsi2 7f4c8c619700
Internals   : 6.6.2p1/af3a357/aec814d/v_serviceChangeState/v_service.c/293/0/1498241381.544321665
========================================================================================
Report      : INFO
Date        : Sat Jun 24 03:09:43 JST 2017
Description : ================================================
              == The service 'durability' has now terminated. 
              ================================================
Node        : dev-desktop
Process     : polysync-serial-writer-c <3214>
Thread      : durability 7f4c8c9a3700
Internals   : 6.6.2p1/af3a357/aec814d/v_serviceChangeState/v_service.c/293/0/1498241383.534780202
========================================================================================
Report      : INFO
Date        : Sat Jun 24 03:09:43 JST 2017
Description : Durability Client for spliced stopped
Node        : dev-desktop
Process     : polysync-serial-writer-c <3214>
Thread      : spliced 7f4c92469700
Internals   : 6.6.2p1/af3a357/aec814d/spliced::durabilityClientStop/spliced.c/374/1/1498241383.536502712
========================================================================================
Report      : INFO
Date        : Sat Jun 24 03:09:43 JST 2017
Description : ================================================
              == The service 'splicedaemon' has now terminated. 
              ================================================
Node        : dev-desktop
Process     : polysync-serial-writer-c <3214>
Thread      : spliced 7f4c92469700
Internals   : 6.6.2p1/af3a357/aec814d/v_serviceChangeState/v_service.c/293/0/1498241383.536590896
========================================================================================
Report      : INFO
Date        : Sat Jun 24 03:10:00 JST 2017
Description : ---------------------------------------------------------------
              -- The service is using the following configuration settings --
              ---------------------------------------------------------------
              Domain (id)          : ospl_sp_ddsi (0)
              Storage              : 0 Kbytes
              Storage threshold    : 1024 Kbytes
              Storage address      : Not available
              Locking              : default
              Memory mode          : Heap memory
              Builtin topics       : true
              Priority inheritance : false
              SystemId             : 1645165056 from [1,2147483647]
Node        : dev-desktop
Process     : polysync-serial-writer-c <3266>
Thread      : spliced 7fafc20be700
Internals   : 6.6.2p1/af3a357/aec814d/The OpenSplice domain service/u_domain.c/630/0/1498241400.342352158
========================================================================================
Report      : INFO
Date        : Sat Jun 24 03:10:00 JST 2017
Description : Service cmsoap disabled
Node        : dev-desktop
Process     : polysync-serial-writer-c <3266>
Thread      : spliced 7fafc20be700
Internals   : 6.6.2p1/af3a357/aec814d/OpenSplice domain service/sr_componentInfo.c/439/0/1498241400.342697746
========================================================================================
Report      : INFO
Date        : Sat Jun 24 03:10:00 JST 2017
Description : Durability Client for spliced started
Node        : dev-desktop
Process     : polysync-serial-writer-c <3266>
Thread      : spliced 7fafc20be700
Internals   : 6.6.2p1/af3a357/aec814d/spliced::durabilityClientStart/spliced.c/350/1/1498241400.343962882
========================================================================================
Report      : INFO
Date        : Sat Jun 24 03:10:00 JST 2017
Description : ++++++++++++++++++++++++++++++++++++++++++++++++
              ++ The service 'splicedaemon' is now operational. 
              ++++++++++++++++++++++++++++++++++++++++++++++++
Node        : dev-desktop
Process     : polysync-serial-writer-c <3266>
Thread      : spliced 7fafc20be700
Internals   : 6.6.2p1/af3a357/aec814d/v_serviceChangeState/v_service.c/286/0/1498241400.344008392
========================================================================================
Report      : INFO
Date        : Sat Jun 24 03:10:00 JST 2017
Description : ++++++++++++++++++++++++++++++++++++++++++++++++
              ++ The service 'ddsi2' is now operational. 
              ++++++++++++++++++++++++++++++++++++++++++++++++
Node        : dev-desktop
Process     : polysync-serial-writer-c <3266>
Thread      : ddsi2 7fafbc26e700
Internals   : 6.6.2p1/af3a357/aec814d/v_serviceChangeState/v_service.c/286/0/1498241400.352752005
========================================================================================
Report      : WARNING
Date        : Sat Jun 24 03:10:01 JST 2017
Description : writer 620f3a00:92:1:2c2 considering reader 8dd324b:92:1:2c7 non-responsive

Node        : dev-desktop
Process     : polysync-serial-writer-c <3266>
Thread      : ddsi2 7fafbc26e700
Internals   : 6.6.2p1/af3a357/aec814d/ddsi2/q_transmit.c/815/0/1498241401.457448291
========================================================================================
Report      : WARNING
Date        : Sat Jun 24 03:10:01 JST 2017
Description : writer 620f3a00:92:1:2c2 considering reader 46abf85a:92:1:2c7 non-responsive

Node        : dev-desktop
Process     : polysync-serial-writer-c <3266>
Thread      : ddsi2 7fafbc26e700
Internals   : 6.6.2p1/af3a357/aec814d/ddsi2/q_transmit.c/815/0/1498241401.457494869
========================================================================================
Report      : WARNING
Date        : Sat Jun 24 03:10:01 JST 2017
Description : writer 620f3a00:92:1:2c2 considering reader 6d96f8c4:92:1:2c7 non-responsive

Node        : dev-desktop
Process     : polysync-serial-writer-c <3266>
Thread      : ddsi2 7fafbc26e700
Internals   : 6.6.2p1/af3a357/aec814d/ddsi2/q_transmit.c/815/0/1498241401.457506909
========================================================================================
Report      : WARNING
Date        : Sat Jun 24 03:10:01 JST 2017
Description : writer 620f3a00:92:1:2c2 considering reader 46abf85a:92:1:2c7 responsive again

Node        : dev-desktop
Process     : polysync-serial-writer-c <3266>
Thread      : recv 7fafbc0c3700
Internals   : 6.6.2p1/af3a357/aec814d/ddsi2/q_receive.c/847/0/1498241401.457931247
========================================================================================
Report      : WARNING
Date        : Sat Jun 24 03:10:01 JST 2017
Description : writer 620f3a00:92:1:2c2 considering reader 8dd324b:92:1:2c7 responsive again

Node        : dev-desktop
Process     : polysync-serial-writer-c <3266>
Thread      : recv 7fafbc0c3700
Internals   : 6.6.2p1/af3a357/aec814d/ddsi2/q_receive.c/847/0/1498241401.457971945
========================================================================================
Report      : WARNING
Date        : Sat Jun 24 03:10:01 JST 2017
Description : writer 620f3a00:92:1:2c2 considering reader 6d96f8c4:92:1:2c7 responsive again

Node        : dev-desktop
Process     : polysync-serial-writer-c <3266>
Thread      : recv 7fafbc0c3700
Internals   : 6.6.2p1/af3a357/aec814d/ddsi2/q_receive.c/847/0/1498241401.458173700
========================================================================================
Report      : INFO
Date        : Sat Jun 24 03:10:01 JST 2017
Description : ================================================
              == The service 'ddsi2' has now terminated. 
              ================================================
Node        : dev-desktop
Process     : polysync-serial-writer-c <3266>
Thread      : ddsi2 7fafbc26e700
Internals   : 6.6.2p1/af3a357/aec814d/v_serviceChangeState/v_service.c/293/0/1498241401.565542673
========================================================================================
Report      : INFO
Date        : Sat Jun 24 03:10:01 JST 2017
Description : ================================================
              == The service 'durability' has now terminated. 
              ================================================
Node        : dev-desktop
Process     : polysync-serial-writer-c <3266>
Thread      : durability 7fafbc5f8700
Internals   : 6.6.2p1/af3a357/aec814d/v_serviceChangeState/v_service.c/293/0/1498241401.753054284
========================================================================================
Report      : INFO
Date        : Sat Jun 24 03:10:01 JST 2017
Description : Durability Client for spliced stopped
Node        : dev-desktop
Process     : polysync-serial-writer-c <3266>
Thread      : spliced 7fafc20be700
Internals   : 6.6.2p1/af3a357/aec814d/spliced::durabilityClientStop/spliced.c/374/1/1498241401.754052332
========================================================================================
Report      : INFO
Date        : Sat Jun 24 03:10:01 JST 2017
Description : ================================================
              == The service 'splicedaemon' has now terminated. 
              ================================================
Node        : dev-desktop
Process     : polysync-serial-writer-c <3266>
Thread      : spliced 7fafc20be700
Internals   : 6.6.2p1/af3a357/aec814d/v_serviceChangeState/v_service.c/293/0/1498241401.754119264
========================================================================================
Report      : INFO
Date        : Sat Jun 24 09:39:07 JST 2017
Description : ---------------------------------------------------------------
              -- The service is using the following configuration settings --
              ---------------------------------------------------------------
              Domain (id)          : ospl_sp_ddsi (0)
              Storage              : 0 Kbytes
              Storage threshold    : 1024 Kbytes
              Storage address      : Not available
              Locking              : default
              Memory mode          : Heap memory
              Builtin topics       : true
              Priority inheritance : false
              SystemId             : 1631121677 from [1,2147483647]
Node        : dev-desktop
Process     : polysync-serial-writer-c <2553>
Thread      : spliced 7fa111267700
Internals   : 6.6.2p1/af3a357/aec814d/The OpenSplice domain service/u_domain.c/630/0/1498264747.976921287
========================================================================================
Report      : INFO
Date        : Sat Jun 24 09:39:07 JST 2017
Description : Service cmsoap disabled
Node        : dev-desktop
Process     : polysync-serial-writer-c <2553>
Thread      : spliced 7fa111267700
Internals   : 6.6.2p1/af3a357/aec814d/OpenSplice domain service/sr_componentInfo.c/439/0/1498264747.978625849
========================================================================================
Report      : INFO
Date        : Sat Jun 24 09:39:07 JST 2017
Description : Durability Client for spliced started
Node        : dev-desktop
Process     : polysync-serial-writer-c <2553>
Thread      : spliced 7fa111267700
Internals   : 6.6.2p1/af3a357/aec814d/spliced::durabilityClientStart/spliced.c/350/1/1498264747.979923162
========================================================================================
Report      : INFO
Date        : Sat Jun 24 09:39:07 JST 2017
Description : ++++++++++++++++++++++++++++++++++++++++++++++++
              ++ The service 'splicedaemon' is now operational. 
              ++++++++++++++++++++++++++++++++++++++++++++++++
Node        : dev-desktop
Process     : polysync-serial-writer-c <2553>
Thread      : spliced 7fa111267700
Internals   : 6.6.2p1/af3a357/aec814d/v_serviceChangeState/v_service.c/286/0/1498264747.979965377
========================================================================================
Report      : INFO
Date        : Sat Jun 24 09:39:07 JST 2017
Description : ++++++++++++++++++++++++++++++++++++++++++++++++
              ++ The service 'ddsi2' is now operational. 
              ++++++++++++++++++++++++++++++++++++++++++++++++
Node        : dev-desktop
Process     : polysync-serial-writer-c <2553>
Thread      : ddsi2 7fa10b417700
Internals   : 6.6.2p1/af3a357/aec814d/v_serviceChangeState/v_service.c/286/0/1498264747.992279095
========================================================================================
Report      : INFO
Date        : Sat Jun 24 09:39:09 JST 2017
Description : The durability service can be identified by ID: 1631121677
Node        : dev-desktop
Process     : polysync-serial-writer-c <2553>
Thread      : durability 7fa10b7a1700
Internals   : 6.6.2p1/af3a357/aec814d/DurabilityService/d_durability.c/676/0/1498264749.195509740
========================================================================================
Report      : INFO
Date        : Sat Jun 24 09:39:16 JST 2017
Description : ++++++++++++++++++++++++++++++++++++++++++++++++
              ++ The service 'durability' is now operational. 
              ++++++++++++++++++++++++++++++++++++++++++++++++
Node        : dev-desktop
Process     : polysync-serial-writer-c <2553>
Thread      : durability 7fa10b7a1700
Internals   : 6.6.2p1/af3a357/aec814d/v_serviceChangeState/v_service.c/286/0/1498264756.600032080
========================================================================================
Report      : INFO
Date        : Sat Jun 24 11:30:08 JST 2017
Description : Missed heartbeat for node 29120207. (DCPSPublication is complete)
Node        : dev-desktop
Process     : polysync-serial-writer-c <2553>
Thread      : OSPL Garbage Collector 7fa10c638700
Internals   : 6.6.2p1/af3a357/aec814d/v_spliced/v_spliced.c/2358/769/1498271408.266886902
========================================================================================
Report      : INFO
Date        : Sat Jun 24 12:25:34 JST 2017
Description : ================================================
              == The service 'ddsi2' has now terminated. 
              ================================================
Node        : dev-desktop
Process     : polysync-serial-writer-c <2553>
Thread      : ddsi2 7fa10b417700
Internals   : 6.6.2p1/af3a357/aec814d/v_serviceChangeState/v_service.c/293/0/1498274734.871127442
========================================================================================
Report      : INFO
Date        : Sat Jun 24 12:25:36 JST 2017
Description : ================================================
              == The service 'durability' has now terminated. 
              ================================================
Node        : dev-desktop
Process     : polysync-serial-writer-c <2553>
Thread      : durability 7fa10b7a1700
Internals   : 6.6.2p1/af3a357/aec814d/v_serviceChangeState/v_service.c/293/0/1498274736.844587414
========================================================================================
Report      : INFO
Date        : Sat Jun 24 12:25:36 JST 2017
Description : Durability Client for spliced stopped
Node        : dev-desktop
Process     : polysync-serial-writer-c <2553>
Thread      : spliced 7fa111267700
Internals   : 6.6.2p1/af3a357/aec814d/spliced::durabilityClientStop/spliced.c/374/1/1498274736.864267683
========================================================================================
Report      : INFO
Date        : Sat Jun 24 12:25:36 JST 2017
Description : ================================================
              == The service 'splicedaemon' has now terminated. 
              ================================================
Node        : dev-desktop
Process     : polysync-serial-writer-c <2553>
Thread      : spliced 7fa111267700
Internals   : 6.6.2p1/af3a357/aec814d/v_serviceChangeState/v_service.c/293/0/1498274736.864345867
